INFO: [VRFC 10-2263] Analyzing Verilog file "/media/nisitha/My_Passport/MOODLE/Vivado_projects/cnn_character_recognition/custom_cnn_implementation/custom_nn_implementation/custom_nn_implementation/custom_nn_implementation.srcs/sources_1/new/axi_lite_wrapper.v" into library xil_defaultlib
INFO: [VRFC 10-311] analyzing module axi_lite_wrapper
INFO: [VRFC 10-2263] Analyzing Verilog file "/media/nisitha/My_Passport/MOODLE/Vivado_projects/cnn_character_recognition/custom_cnn_implementation/custom_nn_implementation/custom_nn_implementation/custom_nn_implementation.srcs/sources_1/new/layer_1.v" into library xil_defaultlib
INFO: [VRFC 10-311] analyzing module layer_1
INFO: [VRFC 10-2263] Analyzing Verilog file "/media/nisitha/My_Passport/MOODLE/Vivado_projects/cnn_character_recognition/custom_cnn_implementation/custom_nn_implementation/custom_nn_implementation/custom_nn_implementation.srcs/sources_1/new/layer_2.v" into library xil_defaultlib
INFO: [VRFC 10-311] analyzing module layer_2
INFO: [VRFC 10-2263] Analyzing Verilog file "/media/nisitha/My_Passport/MOODLE/Vivado_projects/cnn_character_recognition/custom_cnn_implementation/custom_nn_implementation/custom_nn_implementation/custom_nn_implementation.srcs/sources_1/new/layer_3.v" into library xil_defaultlib
INFO: [VRFC 10-311] analyzing module layer_3
INFO: [VRFC 10-2263] Analyzing Verilog file "/media/nisitha/My_Passport/MOODLE/Vivado_projects/cnn_character_recognition/custom_cnn_implementation/custom_nn_implementation/custom_nn_implementation/custom_nn_implementation.srcs/sources_1/new/layer_4.v" into library xil_defaultlib
INFO: [VRFC 10-311] analyzing module layer_4
INFO: [VRFC 10-2263] Analyzing Verilog file "/media/nisitha/My_Passport/MOODLE/Vivado_projects/cnn_character_recognition/custom_cnn_implementation/custom_nn_implementation/custom_nn_implementation/custom_nn_implementation.srcs/sources_1/new/maxfinder.v" into library xil_defaultlib
INFO: [VRFC 10-311] analyzing module maxfinder
INFO: [VRFC 10-2263] Analyzing Verilog file "/media/nisitha/My_Passport/MOODLE/Vivado_projects/cnn_character_recognition/custom_cnn_implementation/custom_nn_implementation/custom_nn_implementation/custom_nn_implementation.srcs/sources_1/new/neuron_1.v" into library xil_defaultlib
INFO: [VRFC 10-311] analyzing module neuron
INFO: [VRFC 10-2263] Analyzing Verilog file "/media/nisitha/My_Passport/MOODLE/Vivado_projects/cnn_character_recognition/custom_cnn_implementation/custom_nn_implementation/custom_nn_implementation/custom_nn_implementation.srcs/sources_1/new/relu.v" into library xil_defaultlib
INFO: [VRFC 10-311] analyzing module relu
INFO: [VRFC 10-2263] Analyzing Verilog file "/media/nisitha/My_Passport/MOODLE/Vivado_projects/cnn_character_recognition/custom_cnn_implementation/custom_nn_implementation/custom_nn_implementation/custom_nn_implementation.srcs/sources_1/new/top_mnist.v" into library xil_defaultlib
INFO: [VRFC 10-311] analyzing module top_mnist
INFO: [VRFC 10-2263] Analyzing Verilog file "/media/nisitha/My_Passport/MOODLE/Vivado_projects/cnn_character_recognition/custom_cnn_implementation/custom_nn_implementation/custom_nn_implementation/custom_nn_implementation.srcs/sources_1/new/weight_memory.v" into library xil_defaultlib
INFO: [VRFC 10-311] analyzing module weight_memory
INFO: [VRFC 10-2263] Analyzing SystemVerilog file "/media/nisitha/My_Passport/MOODLE/Vivado_projects/cnn_character_recognition/custom_cnn_implementation/custom_nn_implementation/custom_nn_implementation/custom_nn_implementation.srcs/sim_1/new/tb_top_mnist.sv" into library xil_defaultlib
INFO: [VRFC 10-311] analyzing module top_zynet
INFO: [VRFC 10-2263] Analyzing Verilog file "/media/nisitha/My_Passport/MOODLE/Vivado_projects/cnn_character_recognition/custom_cnn_implementation/custom_nn_implementation/custom_nn_implementation/custom_nn_implementation.sim/sim_1/behav/xsim/glbl.v" into library xil_defaultlib
INFO: [VRFC 10-311] analyzing module glbl
