Vivado Simulator v2023.2
Copyright 1986-2022 Xilinx, Inc. All Rights Reserved.
Copyright 2022-2023 Advanced Micro Devices, Inc. All Rights Reserved.
Running: /tools/Xilinx/Vivado/2023.2/bin/unwrapped/lnx64.o/xelab --incr --debug typical --relax --mt 8 -L xil_defaultlib -L uvm -L unisims_ver -L unimacro_ver -L secureip -L xpm --snapshot top_zynet_behav xil_defaultlib.top_zynet xil_defaultlib.glbl -log elaborate.log 
Using 8 slave threads.
Starting static elaboration
Pass Through NonSizing Optimizer
WARNING: [VRFC 10-9543] actual bit length 32 differs from formal bit length 5 for port 's_axi_awaddr' [/media/nisitha/My_Passport/MOODLE/Vivado_projects/cnn_character_recognition/custom_cnn_implementation/custom_nn_implementation/custom_nn_implementation/custom_nn_implementation.srcs/sim_1/new/tb_top_mnist.sv:68]
WARNING: [VRFC 10-9543] actual bit length 32 differs from formal bit length 3 for port 's_axi_awprot' [/media/nisitha/My_Passport/MOODLE/Vivado_projects/cnn_character_recognition/custom_cnn_implementation/custom_nn_implementation/custom_nn_implementation/custom_nn_implementation.srcs/sim_1/new/tb_top_mnist.sv:69]
WARNING: [VRFC 10-9543] actual bit length 32 differs from formal bit length 5 for port 's_axi_araddr' [/media/nisitha/My_Passport/MOODLE/Vivado_projects/cnn_character_recognition/custom_cnn_implementation/custom_nn_implementation/custom_nn_implementation/custom_nn_implementation.srcs/sim_1/new/tb_top_mnist.sv:81]
WARNING: [VRFC 10-9543] actual bit length 32 differs from formal bit length 3 for port 's_axi_arprot' [/media/nisitha/My_Passport/MOODLE/Vivado_projects/cnn_character_recognition/custom_cnn_implementation/custom_nn_implementation/custom_nn_implementation/custom_nn_implementation.srcs/sim_1/new/tb_top_mnist.sv:82]
WARNING: [VRFC 10-9543] actual bit length 11 differs from formal bit length 10 for port 'radd' [/media/nisitha/My_Passport/MOODLE/Vivado_projects/cnn_character_recognition/custom_cnn_implementation/custom_nn_implementation/custom_nn_implementation/custom_nn_implementation.srcs/sources_1/new/neuron_1.v:129]
WARNING: [VRFC 10-9543] actual bit length 10 differs from formal bit length 1 for port 'i_valid' [/media/nisitha/My_Passport/MOODLE/Vivado_projects/cnn_character_recognition/custom_cnn_implementation/custom_nn_implementation/custom_nn_implementation/custom_nn_implementation.srcs/sources_1/new/top_mnist.v:337]
Completed static elaboration
Starting simulation data flow analysis
Completed simulation data flow analysis
Time Resolution for simulation is 1ps
Compiling module xil_defaultlib.axi_lite_wrapper_default
Compiling module xil_defaultlib.weight_memory(NUMWEIGHT=784,WEIG...
Compiling module xil_defaultlib.relu
Compiling module xil_defaultlib.neuron(WEIGHTINTWIDTH=4,BIAS=16'...
Compiling module xil_defaultlib.weight_memory(NUMWEIGHT=784,WEIG...
Compiling module xil_defaultlib.neuron(WEIGHTINTWIDTH=4,BIAS=16'...
Compiling module xil_defaultlib.weight_memory(NUMWEIGHT=784,WEIG...
Compiling module xil_defaultlib.neuron(WEIGHTINTWIDTH=4,BIAS=16'...
Compiling module xil_defaultlib.weight_memory(NUMWEIGHT=784,WEIG...
Compiling module xil_defaultlib.neuron(WEIGHTINTWIDTH=4,BIAS=16'...
Compiling module xil_defaultlib.weight_memory(NUMWEIGHT=784,WEIG...
Compiling module xil_defaultlib.neuron(WEIGHTINTWIDTH=4,BIAS=16'...
Compiling module xil_defaultlib.weight_memory(NUMWEIGHT=784,WEIG...
Compiling module xil_defaultlib.neuron(WEIGHTINTWIDTH=4,BIAS=16'...
Compiling module xil_defaultlib.weight_memory(NUMWEIGHT=784,WEIG...
Compiling module xil_defaultlib.neuron(WEIGHTINTWIDTH=4,BIAS=16'...
Compiling module xil_defaultlib.weight_memory(NUMWEIGHT=784,WEIG...
Compiling module xil_defaultlib.neuron(WEIGHTINTWIDTH=4,BIAS=16'...
Compiling module xil_defaultlib.weight_memory(NUMWEIGHT=784,WEIG...
Compiling module xil_defaultlib.neuron(WEIGHTINTWIDTH=4,BIAS=16'...
Compiling module xil_defaultlib.weight_memory(NUMWEIGHT=784,WEIG...
Compiling module xil_defaultlib.neuron(WEIGHTINTWIDTH=4,BIAS=16'...
Compiling module xil_defaultlib.weight_memory(NUMWEIGHT=784,WEIG...
Compiling module xil_defaultlib.neuron(WEIGHTINTWIDTH=4,BIAS=16'...
Compiling module xil_defaultlib.weight_memory(NUMWEIGHT=784,WEIG...
Compiling module xil_defaultlib.neuron(WEIGHTINTWIDTH=4,BIAS=16'...
Compiling module xil_defaultlib.weight_memory(NUMWEIGHT=784,WEIG...
Compiling module xil_defaultlib.neuron(WEIGHTINTWIDTH=4,BIAS=16'...
Compiling module xil_defaultlib.weight_memory(NUMWEIGHT=784,WEIG...
Compiling module xil_defaultlib.neuron(WEIGHTINTWIDTH=4,BIAS=16'...
Compiling module xil_defaultlib.weight_memory(NUMWEIGHT=784,WEIG...
Compiling module xil_defaultlib.neuron(WEIGHTINTWIDTH=4,BIAS=16'...
Compiling module xil_defaultlib.weight_memory(NUMWEIGHT=784,WEIG...
Compiling module xil_defaultlib.neuron(WEIGHTINTWIDTH=4,BIAS=16'...
Compiling module xil_defaultlib.weight_memory(NUMWEIGHT=784,WEIG...
Compiling module xil_defaultlib.neuron(WEIGHTINTWIDTH=4,BIAS=16'...
Compiling module xil_defaultlib.weight_memory(NUMWEIGHT=784,WEIG...
Compiling module xil_defaultlib.neuron(WEIGHTINTWIDTH=4,BIAS=16'...
Compiling module xil_defaultlib.weight_memory(NUMWEIGHT=784,WEIG...
Compiling module xil_defaultlib.neuron(WEIGHTINTWIDTH=4,BIAS=16'...
Compiling module xil_defaultlib.weight_memory(NUMWEIGHT=784,WEIG...
Compiling module xil_defaultlib.neuron(WEIGHTINTWIDTH=4,BIAS=16'...
Compiling module xil_defaultlib.weight_memory(NUMWEIGHT=784,WEIG...
Compiling module xil_defaultlib.neuron(WEIGHTINTWIDTH=4,BIAS=16'...
Compiling module xil_defaultlib.weight_memory(NUMWEIGHT=784,WEIG...
Compiling module xil_defaultlib.neuron(WEIGHTINTWIDTH=4,BIAS=16'...
Compiling module xil_defaultlib.weight_memory(NUMWEIGHT=784,WEIG...
Compiling module xil_defaultlib.neuron(WEIGHTINTWIDTH=4,BIAS=16'...
Compiling module xil_defaultlib.weight_memory(NUMWEIGHT=784,WEIG...
Compiling module xil_defaultlib.neuron(WEIGHTINTWIDTH=4,BIAS=16'...
Compiling module xil_defaultlib.weight_memory(NUMWEIGHT=784,WEIG...
Compiling module xil_defaultlib.neuron(WEIGHTINTWIDTH=4,BIAS=16'...
Compiling module xil_defaultlib.weight_memory(NUMWEIGHT=784,WEIG...
Compiling module xil_defaultlib.neuron(WEIGHTINTWIDTH=4,BIAS=16'...
Compiling module xil_defaultlib.weight_memory(NUMWEIGHT=784,WEIG...
Compiling module xil_defaultlib.neuron(WEIGHTINTWIDTH=4,BIAS=16'...
Compiling module xil_defaultlib.weight_memory(NUMWEIGHT=784,WEIG...
Compiling module xil_defaultlib.neuron(WEIGHTINTWIDTH=4,BIAS=16'...
Compiling module xil_defaultlib.weight_memory(NUMWEIGHT=784,WEIG...
Compiling module xil_defaultlib.neuron(WEIGHTINTWIDTH=4,BIAS=16'...
Compiling module xil_defaultlib.weight_memory(NUMWEIGHT=784,WEIG...
Compiling module xil_defaultlib.neuron(WEIGHTINTWIDTH=4,BIAS=16'...
Compiling module xil_defaultlib.layer_1(NUM_INPUTS=784)
Compiling module xil_defaultlib.weight_memory(NUMWEIGHT=30,ADDRE...
Compiling module xil_defaultlib.neuron(NUM_INPUTS=30,WEIGHTINTWI...
Compiling module xil_defaultlib.weight_memory(NUMWEIGHT=30,ADDRE...
Compiling module xil_defaultlib.neuron(NUM_INPUTS=30,WEIGHTINTWI...
Compiling module xil_defaultlib.weight_memory(NUMWEIGHT=30,ADDRE...
Compiling module xil_defaultlib.neuron(NUM_INPUTS=30,WEIGHTINTWI...
Compiling module xil_defaultlib.weight_memory(NUMWEIGHT=30,ADDRE...
Compiling module xil_defaultlib.neuron(NUM_INPUTS=30,WEIGHTINTWI...
Compiling module xil_defaultlib.weight_memory(NUMWEIGHT=30,ADDRE...
Compiling module xil_defaultlib.neuron(NUM_INPUTS=30,WEIGHTINTWI...
Compiling module xil_defaultlib.weight_memory(NUMWEIGHT=30,ADDRE...
Compiling module xil_defaultlib.neuron(NUM_INPUTS=30,WEIGHTINTWI...
Compiling module xil_defaultlib.weight_memory(NUMWEIGHT=30,ADDRE...
Compiling module xil_defaultlib.neuron(NUM_INPUTS=30,WEIGHTINTWI...
Compiling module xil_defaultlib.weight_memory(NUMWEIGHT=30,ADDRE...
Compiling module xil_defaultlib.neuron(NUM_INPUTS=30,WEIGHTINTWI...
Compiling module xil_defaultlib.weight_memory(NUMWEIGHT=30,ADDRE...
Compiling module xil_defaultlib.neuron(NUM_INPUTS=30,WEIGHTINTWI...
Compiling module xil_defaultlib.weight_memory(NUMWEIGHT=30,ADDRE...
Compiling module xil_defaultlib.neuron(NUM_INPUTS=30,WEIGHTINTWI...
Compiling module xil_defaultlib.weight_memory(NUMWEIGHT=30,ADDRE...
Compiling module xil_defaultlib.neuron(NUM_INPUTS=30,WEIGHTINTWI...
Compiling module xil_defaultlib.weight_memory(NUMWEIGHT=30,ADDRE...
Compiling module xil_defaultlib.neuron(NUM_INPUTS=30,WEIGHTINTWI...
Compiling module xil_defaultlib.weight_memory(NUMWEIGHT=30,ADDRE...
Compiling module xil_defaultlib.neuron(NUM_INPUTS=30,WEIGHTINTWI...
Compiling module xil_defaultlib.weight_memory(NUMWEIGHT=30,ADDRE...
Compiling module xil_defaultlib.neuron(NUM_INPUTS=30,WEIGHTINTWI...
Compiling module xil_defaultlib.weight_memory(NUMWEIGHT=30,ADDRE...
Compiling module xil_defaultlib.neuron(NUM_INPUTS=30,WEIGHTINTWI...
Compiling module xil_defaultlib.weight_memory(NUMWEIGHT=30,ADDRE...
Compiling module xil_defaultlib.neuron(NUM_INPUTS=30,WEIGHTINTWI...
Compiling module xil_defaultlib.weight_memory(NUMWEIGHT=30,ADDRE...
Compiling module xil_defaultlib.neuron(NUM_INPUTS=30,WEIGHTINTWI...
Compiling module xil_defaultlib.weight_memory(NUMWEIGHT=30,ADDRE...
Compiling module xil_defaultlib.neuron(NUM_INPUTS=30,WEIGHTINTWI...
Compiling module xil_defaultlib.weight_memory(NUMWEIGHT=30,ADDRE...
Compiling module xil_defaultlib.neuron(NUM_INPUTS=30,WEIGHTINTWI...
Compiling module xil_defaultlib.weight_memory(NUMWEIGHT=30,ADDRE...
Compiling module xil_defaultlib.neuron(NUM_INPUTS=30,WEIGHTINTWI...
Compiling module xil_defaultlib.weight_memory(NUMWEIGHT=30,ADDRE...
Compiling module xil_defaultlib.neuron(NUM_INPUTS=30,WEIGHTINTWI...
Compiling module xil_defaultlib.weight_memory(NUMWEIGHT=30,ADDRE...
Compiling module xil_defaultlib.neuron(NUM_INPUTS=30,WEIGHTINTWI...
Compiling module xil_defaultlib.weight_memory(NUMWEIGHT=30,ADDRE...
Compiling module xil_defaultlib.neuron(NUM_INPUTS=30,WEIGHTINTWI...
Compiling module xil_defaultlib.weight_memory(NUMWEIGHT=30,ADDRE...
Compiling module xil_defaultlib.neuron(NUM_INPUTS=30,WEIGHTINTWI...
Compiling module xil_defaultlib.weight_memory(NUMWEIGHT=30,ADDRE...
Compiling module xil_defaultlib.neuron(NUM_INPUTS=30,WEIGHTINTWI...
Compiling module xil_defaultlib.weight_memory(NUMWEIGHT=30,ADDRE...
Compiling module xil_defaultlib.neuron(NUM_INPUTS=30,WEIGHTINTWI...
Compiling module xil_defaultlib.weight_memory(NUMWEIGHT=30,ADDRE...
Compiling module xil_defaultlib.neuron(NUM_INPUTS=30,WEIGHTINTWI...
Compiling module xil_defaultlib.weight_memory(NUMWEIGHT=30,ADDRE...
Compiling module xil_defaultlib.neuron(NUM_INPUTS=30,WEIGHTINTWI...
Compiling module xil_defaultlib.weight_memory(NUMWEIGHT=30,ADDRE...
Compiling module xil_defaultlib.neuron(NUM_INPUTS=30,WEIGHTINTWI...
Compiling module xil_defaultlib.weight_memory(NUMWEIGHT=30,ADDRE...
Compiling module xil_defaultlib.neuron(NUM_INPUTS=30,WEIGHTINTWI...
Compiling module xil_defaultlib.layer_2
Compiling module xil_defaultlib.weight_memory(NUMWEIGHT=30,ADDRE...
Compiling module xil_defaultlib.neuron(NUM_INPUTS=30,WEIGHTINTWI...
Compiling module xil_defaultlib.weight_memory(NUMWEIGHT=30,ADDRE...
Compiling module xil_defaultlib.neuron(NUM_INPUTS=30,WEIGHTINTWI...
Compiling module xil_defaultlib.weight_memory(NUMWEIGHT=30,ADDRE...
Compiling module xil_defaultlib.neuron(NUM_INPUTS=30,WEIGHTINTWI...
Compiling module xil_defaultlib.weight_memory(NUMWEIGHT=30,ADDRE...
Compiling module xil_defaultlib.neuron(NUM_INPUTS=30,WEIGHTINTWI...
Compiling module xil_defaultlib.weight_memory(NUMWEIGHT=30,ADDRE...
Compiling module xil_defaultlib.neuron(NUM_INPUTS=30,WEIGHTINTWI...
Compiling module xil_defaultlib.weight_memory(NUMWEIGHT=30,ADDRE...
Compiling module xil_defaultlib.neuron(NUM_INPUTS=30,WEIGHTINTWI...
Compiling module xil_defaultlib.weight_memory(NUMWEIGHT=30,ADDRE...
Compiling module xil_defaultlib.neuron(NUM_INPUTS=30,WEIGHTINTWI...
Compiling module xil_defaultlib.weight_memory(NUMWEIGHT=30,ADDRE...
Compiling module xil_defaultlib.neuron(NUM_INPUTS=30,WEIGHTINTWI...
Compiling module xil_defaultlib.weight_memory(NUMWEIGHT=30,ADDRE...
Compiling module xil_defaultlib.neuron(NUM_INPUTS=30,WEIGHTINTWI...
Compiling module xil_defaultlib.weight_memory(NUMWEIGHT=30,ADDRE...
Compiling module xil_defaultlib.neuron(NUM_INPUTS=30,WEIGHTINTWI...
Compiling module xil_defaultlib.layer_3(NUM_INPUTS=30)
Compiling module xil_defaultlib.weight_memory(NUMWEIGHT=10,ADDRE...
Compiling module xil_defaultlib.neuron(NUM_INPUTS=10,WEIGHTINTWI...
Compiling module xil_defaultlib.weight_memory(NUMWEIGHT=10,ADDRE...
Compiling module xil_defaultlib.neuron(NUM_INPUTS=10,WEIGHTINTWI...
Compiling module xil_defaultlib.weight_memory(NUMWEIGHT=10,ADDRE...
Compiling module xil_defaultlib.neuron(NUM_INPUTS=10,WEIGHTINTWI...
Compiling module xil_defaultlib.weight_memory(NUMWEIGHT=10,ADDRE...
Compiling module xil_defaultlib.neuron(NUM_INPUTS=10,WEIGHTINTWI...
Compiling module xil_defaultlib.weight_memory(NUMWEIGHT=10,ADDRE...
Compiling module xil_defaultlib.neuron(NUM_INPUTS=10,WEIGHTINTWI...
Compiling module xil_defaultlib.weight_memory(NUMWEIGHT=10,ADDRE...
Compiling module xil_defaultlib.neuron(NUM_INPUTS=10,WEIGHTINTWI...
Compiling module xil_defaultlib.weight_memory(NUMWEIGHT=10,ADDRE...
Compiling module xil_defaultlib.neuron(NUM_INPUTS=10,WEIGHTINTWI...
Compiling module xil_defaultlib.weight_memory(NUMWEIGHT=10,ADDRE...
Compiling module xil_defaultlib.neuron(NUM_INPUTS=10,WEIGHTINTWI...
Compiling module xil_defaultlib.weight_memory(NUMWEIGHT=10,ADDRE...
Compiling module xil_defaultlib.neuron(NUM_INPUTS=10,WEIGHTINTWI...
Compiling module xil_defaultlib.weight_memory(NUMWEIGHT=10,ADDRE...
Compiling module xil_defaultlib.neuron(NUM_INPUTS=10,WEIGHTINTWI...
Compiling module xil_defaultlib.layer_4
Compiling module xil_defaultlib.maxfinder
Compiling module xil_defaultlib.top_mnist
Compiling module xil_defaultlib.top_zynet
Compiling module xil_defaultlib.glbl
Built simulation snapshot top_zynet_behav
